0 info it worked if it ends with ok
1 verbose cli [ 'C:\\Users\\COUNT2\\Desktop\\dev\\nodejs\\node-v6.11.1-win-x64\\node.exe',
1 verbose cli   'C:\\Users\\COUNT2\\Desktop\\dev\\nodejs\\node-v6.11.1-win-x64\\node_modules\\npm\\bin\\npm-cli.js',
1 verbose cli   'run',
1 verbose cli   'bs' ]
2 info using npm@3.10.10
3 info using node@v6.11.1
4 verbose run-script [ 'prebs', 'bs', 'postbs' ]
5 info lifecycle Wine_API@1.0.0~prebs: Wine_API@1.0.0
6 silly lifecycle Wine_API@1.0.0~prebs: no script for prebs, continuing
7 info lifecycle Wine_API@1.0.0~bs: Wine_API@1.0.0
8 verbose lifecycle Wine_API@1.0.0~bs: unsafe-perm in lifecycle true
9 verbose lifecycle Wine_API@1.0.0~bs: PATH: C:\Users\COUNT2\Desktop\dev\nodejs\node-v6.11.1-win-x64\node_modules\npm\bin\node-gyp-bin;C:\Users\COUNT2\Desktop\dev\Wine_API\Wine_API\node_modules\.bin;C:\Windows\system32;C:\Windows;C:\Windows\System32\Wbem;C:\Windows\System32\WindowsPowerShell\v1.0\;C:\Users\COUNT2\Desktop\dev\nodejs\node-v6.11.1-win-x64;C:\Program Files\Git\cmd;C:\Users\COUNT2\Desktop\dev\putty\;C:\Program Files\MongoDB\Server\3.4\bin;C:\Users\COUNT2\AppData\Local\atom\bin
10 verbose lifecycle Wine_API@1.0.0~bs: CWD: C:\Users\COUNT2\Desktop\dev\Wine_API\Wine_API
11 silly lifecycle Wine_API@1.0.0~bs: Args: [ '/d /s /c', 'npm run build && npm run start' ]
12 verbose stack Error: kill ENOSYS
12 verbose stack     at exports._errnoException (util.js:1018:11)
12 verbose stack     at process.kill (internal/process.js:190:13)
12 verbose stack     at process.listener (C:\Users\COUNT2\Desktop\dev\nodejs\node-v6.11.1-win-x64\node_modules\npm\node_modules\npmlog\node_modules\gauge\node_modules\signal-exit\index.js:86:15)
12 verbose stack     at emitNone (events.js:91:20)
12 verbose stack     at process.emit (events.js:185:7)
12 verbose stack     at processEmit (C:\Users\COUNT2\Desktop\dev\nodejs\node-v6.11.1-win-x64\node_modules\npm\node_modules\npmlog\node_modules\gauge\node_modules\signal-exit\index.js:146:32)
12 verbose stack     at processEmit (C:\Users\COUNT2\Desktop\dev\nodejs\node-v6.11.1-win-x64\node_modules\npm\node_modules\npm-registry-client\node_modules\npmlog\node_modules\gauge\node_modules\signal-exit\index.js:146:32)
12 verbose stack     at Signal.wrap.onsignal (internal/process.js:217:44)
13 verbose cwd C:\Users\COUNT2\Desktop\dev\Wine_API\Wine_API
14 error Windows_NT 6.1.7601
15 error argv "C:\\Users\\COUNT2\\Desktop\\dev\\nodejs\\node-v6.11.1-win-x64\\node.exe" "C:\\Users\\COUNT2\\Desktop\\dev\\nodejs\\node-v6.11.1-win-x64\\node_modules\\npm\\bin\\npm-cli.js" "run" "bs"
16 error node v6.11.1
17 error npm  v3.10.10
18 error code ENOSYS
19 error errno ENOSYS
20 error syscall kill
21 error kill ENOSYS
22 error If you need help, you may report this error at:
22 error     <https://github.com/npm/npm/issues>
23 verbose exit [ 1, true ]
